<?xml version="1.0" encoding="UTF-8"?>
<testng-results skipped="0" failed="0" ignored="0" total="2" passed="2">
  <reporter-output>
  </reporter-output>
  <suite name="API Suite" duration-ms="1804" started-at="2018-08-07T11:28:38Z" finished-at="2018-08-07T11:28:40Z">
    <groups>
    </groups>
    <test name="Test on Rest API" duration-ms="1804" started-at="2018-08-07T11:28:38Z" finished-at="2018-08-07T11:28:40Z">
      <class name="com.APITesting.SampleProject.PostToJsonServer">
        <test-method status="PASS" signature="Test_01()[pri:0, instance:com.APITesting.SampleProject.PostToJsonServer@26653222]" name="Test_01" duration-ms="228" started-at="2018-08-07T11:28:40Z" finished-at="2018-08-07T11:28:40Z">
          <reporter-output>
          </reporter-output>
        </test-method> <!-- Test_01 -->
      </class> <!-- com.APITesting.SampleProject.PostToJsonServer -->
      <class name="com.APITesting.SampleProject.GetRequests">
        <test-method status="PASS" signature="Test_01()[pri:0, instance:com.APITesting.SampleProject.GetRequests@5e5792a0]" name="Test_01" duration-ms="1550" started-at="2018-08-07T11:28:38Z" finished-at="2018-08-07T11:28:40Z">
          <reporter-output>
          </reporter-output>
        </test-method> <!-- Test_01 -->
      </class> <!-- com.APITesting.SampleProject.GetRequests -->
    </test> <!-- Test on Rest API -->
  </suite> <!-- API Suite -->
</testng-results>
